{"message":"Description is required","level":"error"}
{"message":"Bookmark with id 7fe5f080-f3aa-40c9-ac3d-867b0524eaab created","level":"info"}
{"message":"Bookmark with id f17d67eb-7f3c-4f53-8050-11b5f0d1058f created","level":"info"}
{"message":"Bookmark with id f17d67eb-7f3c-4f53-8050-11b5f0d1058f deleted","level":"info"}
{"message":"Bookmark with id f9859bbd-fa73-4fc3-aba0-ce9b08850088 created","level":"info"}
{"message":"Rating must be a number 1-5","level":"error"}
{"message":"Rating must be a number 1-5","level":"error"}
{"message":"Bookmark with id 126f2c2a-65f0-43c7-9367-aec80da7b8ed created","level":"info"}
{"message":"Unauthorized request to path: /bookmarks","level":"error"}
{"message":"Unauthorized request to path: /","level":"error"}
{"message":"Unauthorized request to path: /","level":"error"}
{"message":"Unauthorized request to path: /","level":"error"}
{"message":"Unauthorized request to path: /","level":"error"}
{"message":"Unauthorized request to path: /","level":"error"}
{"message":"Unauthorized request to path: /","level":"error"}
{"message":"Unauthorized request to path: /","level":"error"}
{"message":"Unauthorized request to path: /","level":"error"}
{"message":"Unauthorized request to path: /","level":"error"}
{"message":"Unauthorized request to path: /","level":"error"}
{"message":"Unauthorized request to path: /","level":"error"}
{"message":"Unauthorized request to path: /","level":"error"}
{"message":"Bookmark with id 123 not found","level":"error"}
{"message":"Bookmark with id 123 not found","level":"error"}
{"message":"Bookmark with id 123 not found","level":"error"}
{"message":"Bookmark with id 123 not found","level":"error"}
{"message":"Bookmark with id 123 not found","level":"error"}
{"message":"Bookmark with id 5 created","level":"info"}
{"message":"Bookmark with id 6 created","level":"info"}
{"message":"Bookmark with id 7 created","level":"info"}
{"message":"Bookmark with id 7deleted","level":"info"}
{"message":"Bookmark with id 1 created","level":"info"}
{"message":"Bookmark with id 1 created","level":"info"}
{"message":"Bookmark with id 1 created","level":"info"}
{"message":"Bookmark with id 1 created","level":"info"}
{"message":"Bookmark with id 1 created","level":"info"}
{"message":"Bookmark with id 1 created","level":"info"}
{"message":"Rating must be a number 1-5","level":"error"}
{"message":"Bookmark with id 1 created","level":"info"}
{"message":"Rating must be a number 1-5","level":"error"}
{"message":"Bookmark with id 1 created","level":"info"}
{"message":"Rating must be a number 1-5","level":"error"}
{"message":"Bookmark with id 1 created","level":"info"}
{"message":"Bookmark with id 2deleted","level":"info"}
{"message":"Bookmark with id 2deleted","level":"info"}
{"message":"Bookmark with id 1 created","level":"info"}
{"message":"Rating must be a number 1-5","level":"error"}
{"message":"Bookmark with id 1 created","level":"info"}
{"message":"Bookmark with id 2deleted","level":"info"}
{"message":"Bookmark with id 1 created","level":"info"}
{"message":"rating is required","level":"error"}
{"message":"title is required","level":"error"}
{"message":"url is required","level":"error"}
{"message":"Invalid rating '8' supplied","level":"error"}
{"message":"url is required","level":"error"}
{"message":"Bookmark with id 2deleted","level":"info"}
{"message":"Bookmark with id 1 created","level":"info"}
{"message":"rating is required","level":"error"}
{"message":"title is required","level":"error"}
{"message":"url is required","level":"error"}
{"message":"Invalid rating '8' supplied","level":"error"}
{"message":"url is required","level":"error"}
{"message":"Bookmark with id 2deleted","level":"info"}
{"message":"Bookmark with id 1 created","level":"info"}
{"message":"rating is required","level":"error"}
{"message":"title is required","level":"error"}
{"message":"url is required","level":"error"}
{"message":"Invalid rating '8' supplied","level":"error"}
{"message":"Bookmark with id 1 created","level":"info"}
{"message":"Bookmark with id 2deleted","level":"info"}
{"message":"Bookmark with id 1 created","level":"info"}
{"message":"rating is required","level":"error"}
{"message":"title is required","level":"error"}
{"message":"url is required","level":"error"}
{"message":"Invalid rating '8' supplied","level":"error"}
{"message":"Bookmark with id 1 created","level":"info"}
{"message":"Bookmark with id 2deleted","level":"info"}
{"message":"Bookmark with id 1 created","level":"info"}
{"message":"rating is required","level":"error"}
{"message":"title is required","level":"error"}
{"message":"url is required","level":"error"}
{"message":"Invalid rating '8' supplied","level":"error"}
{"message":"Bookmark with id 1 created","level":"info"}
{"message":"Bookmark with id 2deleted","level":"info"}
{"message":"Bookmark with id 1 created","level":"info"}
{"message":"rating is required","level":"error"}
{"message":"title is required","level":"error"}
{"message":"url is required","level":"error"}
{"message":"Invalid rating '8' supplied","level":"error"}
{"message":"Bookmark with id 1 created","level":"info"}
{"message":"Bookmark with id 2deleted","level":"info"}
{"message":"Bookmark with id 1 created","level":"info"}
{"message":"rating is required","level":"error"}
{"message":"title is required","level":"error"}
{"message":"url is required","level":"error"}
{"message":"Invalid rating '8' supplied","level":"error"}
{"message":"Bookmark with id 1 created","level":"info"}
{"message":"Bookmark with id 2deleted","level":"info"}
{"message":"Bookmark with id 1 created","level":"info"}
{"message":"rating is required","level":"error"}
{"message":"title is required","level":"error"}
{"message":"url is required","level":"error"}
{"message":"Invalid rating '8' supplied","level":"error"}
{"message":"Bookmark with id 1 created","level":"info"}
{"message":"Bookmark with id 2deleted","level":"info"}
{"message":"Unauthorized request to path: /api/bookmarks","level":"error"}
{"message":"Unauthorized request to path: /api/bookmarks","level":"error"}
{"message":"Unauthorized request to path: /api/bookmarks","level":"error"}
{"message":"Unauthorized request to path: /api/bookmarks","level":"error"}
{"message":"Unauthorized request to path: /api/bookmarks","level":"error"}
{"message":"Bookmark with id 4deleted","level":"info"}
{"message":"Bookmark with id 1deleted","level":"info"}
{"message":"Unauthorized request to path: /bookmarks","level":"error"}
{"message":"Unauthorized request to path: /bookmarks","level":"error"}
{"message":"Unauthorized request to path: /api/bookmarks","level":"error"}
{"message":"Unauthorized request to path: /api/bookmarks","level":"error"}
{"message":"Bookmark with id 8 created","level":"info"}
{"message":"title is required","level":"error"}
{"message":"Bookmark with id 9 created","level":"info"}
{"message":"Bookmark with id 10 created","level":"info"}
{"message":"Bookmark with id 10deleted","level":"info"}
{"message":"Bookmark with id 2deleted","level":"info"}
{"message":"Bookmark with id 3deleted","level":"info"}
{"message":"Bookmark with id 11 created","level":"info"}
{"message":"Bookmark with id 12 created","level":"info"}
{"message":"Bookmark with id 8deleted","level":"info"}
{"message":"Bookmark with id 9deleted","level":"info"}
{"message":"Bookmark with id 11deleted","level":"info"}
{"message":"Bookmark with id 13 created","level":"info"}
{"message":"Bookmark with id 14 created","level":"info"}
{"message":"Bookmark with id 15 created","level":"info"}
{"message":"Bookmark with id 16 created","level":"info"}
{"message":"Bookmark with id 12deleted","level":"info"}
